INFO  @ Fri, 08 Aug 2025 14:52:31: Parameters: /shared/home/tsourisseau/.conda/envs/mageckenv/bin/mageck test -k /shared/projects/atacseq/Brunello_gRNA_CRISPR_Screen/data/sample.txt -t HL60.final,KBM7.final -c HL60.initial,KBM7.initial -n demo4 --cnv-norm /shared/projects/atacseq/Brunello_gRNA_CRISPR_Screen/data/CGH_cell_lines/CNV_demo4.txt --cell-line HL60_HAEMATOPOIETIC_AND_LYMPHOID_TISSUE 
INFO  @ Fri, 08 Aug 2025 14:52:31: Welcome to MAGeCK v0.5.9.5. Command: test 
INFO  @ Fri, 08 Aug 2025 14:52:31: Loading count table from /shared/projects/atacseq/Brunello_gRNA_CRISPR_Screen/data/sample.txt  
INFO  @ Fri, 08 Aug 2025 14:52:31: Processing 1 lines.. 
INFO  @ Fri, 08 Aug 2025 14:52:31: Loaded 999 records. 
INFO  @ Fri, 08 Aug 2025 14:52:31: Loading Rnw template file: /shared/home/tsourisseau/.conda/envs/mageckenv/lib/python3.12/site-packages/mageck/test_report.Rmd. 
INFO  @ Fri, 08 Aug 2025 14:52:31: Loading R template file: /shared/home/tsourisseau/.conda/envs/mageckenv/lib/python3.12/site-packages/mageck/plot_template.RTemplate. 
INFO  @ Fri, 08 Aug 2025 14:52:31: Loading R template file: /shared/home/tsourisseau/.conda/envs/mageckenv/lib/python3.12/site-packages/mageck/plot_template_indvgene.RTemplate. 
INFO  @ Fri, 08 Aug 2025 14:52:31: Loading Rnw template file: /shared/home/tsourisseau/.conda/envs/mageckenv/lib/python3.12/site-packages/mageck/plot_template.Rnw. 
INFO  @ Fri, 08 Aug 2025 14:52:31: Treatment samples:HL60.final,KBM7.final 
INFO  @ Fri, 08 Aug 2025 14:52:31: Treatment sample index:2,3 
INFO  @ Fri, 08 Aug 2025 14:52:31: Control samples:HL60.initial,KBM7.initial 
INFO  @ Fri, 08 Aug 2025 14:52:31: Control sample index:0,1 
INFO  @ Fri, 08 Aug 2025 14:52:31: Final size factor: 1.469870985815957 1.7759474888175155 0.6308897693810006 0.5721813161032618 
INFO  @ Fri, 08 Aug 2025 14:52:31: Detecting outliers from variance estimation.. Avg read count:[723.9972950023187], Var: [255633.28060956913] 
INFO  @ Fri, 08 Aug 2025 14:52:31: Skipping 4 sgRNAs from variance calculation because of their extreme high counts (> 4* STD (mean counts) ). 
INFO  @ Fri, 08 Aug 2025 14:52:31: Before RRA, 0 sgRNAs are removed with zero counts in both group(s). 
INFO  @ Fri, 08 Aug 2025 14:52:31: Use qnorm to reversely calculate sgRNA scores ... 
INFO  @ Fri, 08 Aug 2025 14:52:31: Performing copy number normalization. 
Traceback (most recent call last):
  File "/shared/home/tsourisseau/.conda/envs/mageckenv/bin/mageck", line 66, in <module>
    main();
    ^^^^^^
  File "/shared/home/tsourisseau/.conda/envs/mageckenv/bin/mageck", line 51, in main
    magecktest_main(args);
    ^^^^^^^^^^^^^^^^^^^^^
  File "/shared/home/tsourisseau/.conda/envs/mageckenv/lib/python3.12/site-packages/mageck/crisprFunction.py", line 748, in magecktest_main
    gene_as_cutoff=crispr_test(nttab, controlgroup_ids, treatgroup_ids, vargroup_ids,cp_prefix,sgrna2genelist,args)
                   ^^^^^^^^^^^^^^^^^^^^^^^^^^^^^^^^^^^^^^^^^^^^^^^^^^^^^^^^^^^^^^^^^^^^^^^^^^^^^^^^^^^^^^^^^^^^^^^^
  File "/shared/home/tsourisseau/.conda/envs/mageckenv/lib/python3.12/site-packages/mageck/crisprFunction.py", line 425, in crispr_test
    (CN_arr,CN_celldict,CN_genedict) = read_CNVdata(args.cnv_norm,[args.cell_line])
                                       ^^^^^^^^^^^^^^^^^^^^^^^^^^^^^^^^^^^^^^^^^^^^
  File "/shared/home/tsourisseau/.conda/envs/mageckenv/lib/python3.12/site-packages/mageck/cnv_normalization.py", line 21, in read_CNVdata
    gene_dict = {str(key.decode('UTF-8')):val for (val,key) in enumerate(ndarr['SYMBOL'])}
                     ^^^^^^^^^^
AttributeError: 'numpy.str_' object has no attribute 'decode'. Did you mean: 'encode'?
Time taken: 21
